<?xml version="1.0" encoding="UTF-8"?>
<!-- Generated by org.testng.reporters.JUnitXMLReporter -->
<testsuite ignored="0" hostname="Christians-MacBook-Pro.local" failures="1" tests="1" name="tests" time="20.102" errors="0" timestamp="07 Mar 2020 12:37:26 GMT">
  <testcase classname="tests.test_sendSupportMessage" name="init" time="20.08">
    <failure type="org.openqa.selenium.NoSuchElementException" message="Cannot locate option with value: Customer service
For documentation on this error, please visit: http://seleniumhq.org/exceptions/no_such_element.html
Build info: version: &amp;apos;3.14.0&amp;apos;, revision: &amp;apos;aacccce0&amp;apos;, time: &amp;apos;2018-08-02T20:19:58.91Z&amp;apos;
System info: host: &amp;apos;Christians-MacBook-Pro.local&amp;apos;, ip: &amp;apos;2404:3c00:30a0:caf0:0:0:0:b%en0&amp;apos;, os.name: &amp;apos;Mac OS X&amp;apos;, os.arch: &amp;apos;x86_64&amp;apos;, os.version: &amp;apos;10.15.1&amp;apos;, java.version: &amp;apos;13.0.2&amp;apos;
Driver info: driver.version: unknown">
      <![CDATA[org.openqa.selenium.NoSuchElementException: Cannot locate option with value: Customer service
For documentation on this error, please visit: http://seleniumhq.org/exceptions/no_such_element.html
Build info: version: '3.14.0', revision: 'aacccce0', time: '2018-08-02T20:19:58.91Z'
System info: host: 'Christians-MacBook-Pro.local', ip: '2404:3c00:30a0:caf0:0:0:0:b%en0', os.name: 'Mac OS X', os.arch: 'x86_64', os.version: '10.15.1', java.version: '13.0.2'
Driver info: driver.version: unknown
at org.openqa.selenium.support.ui.Select.selectByValue(Select.java:209)
at pages.contactUsPage.selectSubjectHeading(contactUsPage.java:49)
at tests.test_sendSupportMessage.init(test_sendSupportMessage.java:12)
... Removed 28 stack frames]]>
    </failure>
  </testcase> <!-- init -->
</testsuite> <!-- tests -->
