<?xml version="1.0" encoding="UTF-8"?>
<!-- Generated by org.testng.reporters.JUnitXMLReporter -->
<testsuite ignored="2" hostname="Christians-MacBook-Pro.local" failures="0" tests="2" name="tests" time="6.46" errors="0" timestamp="08 Mar 2020 12:54:55 GMT">
  <testcase classname="tests.test_sendContactUsMessage" name="sendContactUsMessage" time="2.263"/>
  <testcase classname="tests.test_createAccount" name="createAccount" time="4.179"/>
  <testcase classname="tests.test_initialize" name="@AfterSuite TeardownTest" time="0.0">
    <ignored/>
  </testcase> <!-- @AfterSuite TeardownTest -->
  <testcase classname="tests.test_initialize" name="@BeforeSuite initialize" time="0.0">
    <ignored/>
  </testcase> <!-- @BeforeSuite initialize -->
</testsuite> <!-- tests -->
