<?xml version="1.0" encoding="UTF-8"?>
<testsuite xmlns:xsi="http://www.w3.org/2001/XMLSchema-instance" xsi:schemaLocation="https://maven.apache.org/surefire/maven-surefire-plugin/xsd/surefire-test-report.xsd" name="TestSuite" time="30.769" tests="1" errors="0" skipped="0" failures="1">
  <properties>
[...]
</properties>
  <testcase name="init" classname="tests.test_sendSupportMessage" time="20.089">
    <failure message="Cannot locate option with value: Customer service&#10;For documentation on this error, please visit: http://seleniumhq.org/exceptions/no_such_element.html&#10;Build info: version: &apos;3.14.0&apos;, revision: &apos;aacccce0&apos;, time: &apos;2018-08-02T20:19:58.91Z&apos;&#10;System info: host: &apos;Christians-MacBook-Pro.local&apos;, ip: &apos;2404:3c00:30a0:caf0:0:0:0:b%en0&apos;, os.name: &apos;Mac OS X&apos;, os.arch: &apos;x86_64&apos;, os.version: &apos;10.15.1&apos;, java.version: &apos;13.0.2&apos;&#10;Driver info: driver.version: unknown" type="org.openqa.selenium.NoSuchElementException">org.openqa.selenium.NoSuchElementException: 
Cannot locate option with value: Customer service
For documentation on this error, please visit: http://seleniumhq.org/exceptions/no_such_element.html
Build info: version: '3.14.0', revision: 'aacccce0', time: '2018-08-02T20:19:58.91Z'
System info: host: 'Christians-MacBook-Pro.local', ip: '2404:3c00:30a0:caf0:0:0:0:b%en0', os.name: 'Mac OS X', os.arch: 'x86_64', os.version: '10.15.1', java.version: '13.0.2'
Driver info: driver.version: unknown
	at tests.test_sendSupportMessage.init(test_sendSupportMessage.java:12)
</failure>
    <system-err><![CDATA[Starting ChromeDriver 80.0.3987.106 (f68069574609230cf9b635cd784cfb1bf81bb53a-refs/branch-heads/3987@{#882}) on port 30544
Only local connections are allowed.
Please protect ports used by ChromeDriver and related test frameworks to prevent access by malicious code.
Mar 07, 2020 8:36:57 PM org.openqa.selenium.remote.ProtocolHandshake createSession
INFO: Detected dialect: W3C
[1583584619.550][SEVERE]: Timed out receiving message from renderer: 0.100
[1583584619.652][SEVERE]: Timed out receiving message from renderer: 0.100
[1583584619.753][SEVERE]: Timed out receiving message from renderer: 0.100
[1583584619.857][SEVERE]: Timed out receiving message from renderer: 0.100
[1583584619.959][SEVERE]: Timed out receiving message from renderer: 0.100
[1583584620.060][SEVERE]: Timed out receiving message from renderer: 0.100
[1583584620.162][SEVERE]: Timed out receiving message from renderer: 0.100
[1583584620.263][SEVERE]: Timed out receiving message from renderer: 0.100
[1583584620.364][SEVERE]: Timed out receiving message from renderer: 0.100
[1583584620.466][SEVERE]: Timed out receiving message from renderer: 0.100
[1583584620.567][SEVERE]: Timed out receiving message from renderer: 0.100
[1583584620.669][SEVERE]: Timed out receiving message from renderer: 0.100
[1583584620.770][SEVERE]: Timed out receiving message from renderer: 0.100
[1583584620.870][SEVERE]: Timed out receiving message from renderer: 0.100
[1583584620.972][SEVERE]: Timed out receiving message from renderer: 0.100
[1583584621.074][SEVERE]: Timed out receiving message from renderer: 0.100
[1583584621.176][SEVERE]: Timed out receiving message from renderer: 0.100
[1583584621.277][SEVERE]: Timed out receiving message from renderer: 0.100
[1583584621.378][SEVERE]: Timed out receiving message from renderer: 0.100
[1583584621.480][SEVERE]: Timed out receiving message from renderer: 0.100
[1583584621.582][SEVERE]: Timed out receiving message from renderer: 0.100
[1583584621.683][SEVERE]: Timed out receiving message from renderer: 0.100
[1583584621.784][SEVERE]: Timed out receiving message from renderer: 0.100
[1583584621.886][SEVERE]: Timed out receiving message from renderer: 0.100
[1583584621.987][SEVERE]: Timed out receiving message from renderer: 0.100
[1583584622.089][SEVERE]: Timed out receiving message from renderer: 0.100
[1583584622.191][SEVERE]: Timed out receiving message from renderer: 0.100
[1583584622.291][SEVERE]: Timed out receiving message from renderer: 0.100
[1583584622.392][SEVERE]: Timed out receiving message from renderer: 0.100
[1583584622.495][SEVERE]: Timed out receiving message from renderer: 0.100
[1583584622.597][SEVERE]: Timed out receiving message from renderer: 0.100
[1583584622.698][SEVERE]: Timed out receiving message from renderer: 0.100
[1583584622.800][SEVERE]: Timed out receiving message from renderer: 0.100
[1583584622.901][SEVERE]: Timed out receiving message from renderer: 0.100
[1583584623.002][SEVERE]: Timed out receiving message from renderer: 0.100
[1583584623.104][SEVERE]: Timed out receiving message from renderer: 0.100
[1583584623.205][SEVERE]: Timed out receiving message from renderer: 0.100
[1583584623.306][SEVERE]: Timed out receiving message from renderer: 0.100
[1583584623.407][SEVERE]: Timed out receiving message from renderer: 0.100
[1583584623.508][SEVERE]: Timed out receiving message from renderer: 0.100
[1583584623.610][SEVERE]: Timed out receiving message from renderer: 0.100
[1583584623.711][SEVERE]: Timed out receiving message from renderer: 0.100
[1583584623.825][SEVERE]: Timed out receiving message from renderer: 0.100
[1583584623.927][SEVERE]: Timed out receiving message from renderer: 0.100
[1583584624.028][SEVERE]: Timed out receiving message from renderer: 0.100
[1583584624.151][SEVERE]: Timed out receiving message from renderer: 0.100
[1583584624.252][SEVERE]: Timed out receiving message from renderer: 0.100
[1583584624.430][SEVERE]: Timed out receiving message from renderer: 0.100
[1583584624.874][SEVERE]: Timed out receiving message from renderer: 0.100
[1583584624.976][SEVERE]: Timed out receiving message from renderer: 0.100
[1583584625.080][SEVERE]: Timed out receiving message from renderer: 0.100
[1583584625.181][SEVERE]: Timed out receiving message from renderer: 0.100
[1583584625.282][SEVERE]: Timed out receiving message from renderer: 0.100
[1583584625.383][SEVERE]: Timed out receiving message from renderer: 0.100
[1583584625.485][SEVERE]: Timed out receiving message from renderer: 0.100
[1583584625.586][SEVERE]: Timed out receiving message from renderer: 0.100
[1583584625.687][SEVERE]: Timed out receiving message from renderer: 0.100
[1583584625.789][SEVERE]: Timed out receiving message from renderer: 0.100
[1583584625.890][SEVERE]: Timed out receiving message from renderer: 0.100
[1583584625.992][SEVERE]: Timed out receiving message from renderer: 0.100
[1583584626.092][SEVERE]: Timed out receiving message from renderer: 0.100
[1583584626.194][SEVERE]: Timed out receiving message from renderer: 0.100
[1583584626.296][SEVERE]: Timed out receiving message from renderer: 0.100
]]></system-err>
  </testcase>
</testsuite>